<?xml version="1.0" encoding="UTF-8"?>
<!-- Generated by org.testng.reporters.JUnitReportReporter -->
<testsuite hostname="MaojSitu" failures="0" tests="1" name="Scripts.Costco003" time="69.893" errors="0" timestamp="24 Oct 2018 13:55:12 GMT" skipped="0">
  <testcase classname="Scripts.Costco003" name="Test_LogOut" time="69.893"/>
</testsuite> <!-- Scripts.Costco003 -->
