<?xml version="1.0" encoding="UTF-8"?>
<!-- Generated by org.testng.reporters.JUnitReportReporter -->
<testsuite hostname="MaojSitu" failures="0" tests="1" name="Scripts.CreateRegError2" time="80.259" errors="0" timestamp="24 Oct 2018 17:19:14 GMT" skipped="0">
  <testcase classname="Scripts.CreateRegError2" name="TestErrorCreateAccount" time="80.259"/>
</testsuite> <!-- Scripts.CreateRegError2 -->
