<?xml version="1.0" encoding="UTF-8"?>
<!-- Generated by org.testng.reporters.JUnitReportReporter -->
<testsuite hostname="MaojSitu" failures="0" tests="1" name="Scripts.CreateRegError" time="72.370" errors="0" timestamp="24 Oct 2018 16:44:57 GMT" skipped="0">
  <testcase classname="Scripts.CreateRegError" name="TestErrorCreateAccount" time="72.370"/>
</testsuite> <!-- Scripts.CreateRegError -->
