<?xml version="1.0" encoding="UTF-8"?>
<!-- Generated by org.testng.reporters.JUnitReportReporter -->
<testsuite hostname="MaojSitu" failures="0" tests="1" name="Scripts.Costco002" time="72.924" errors="0" timestamp="19 Nov 2018 19:40:41 GMT" skipped="0">
  <testcase classname="Scripts.Costco002" name="Testlogin" time="72.924"/>
</testsuite> <!-- Scripts.Costco002 -->
